<?xml version="1.0" encoding="utf-8"?><testsuites name="pytest tests"><testsuite name="pytest" errors="0" failures="0" skipped="0" tests="6" time="0.273" timestamp="2026-07-27T05:20:22.188941-04:00" hostname="MacBook-Pro-2.local"><testcase classname="tests.test_portal" name="test_portal_builds_policy_and_sanitized_report_pages" time="0.083" /><testcase classname="tests.test_validator" name="test_policy_dimensions_total_100" time="0.016" /><testcase classname="tests.test_validator" name="test_compliant_api_is_green" time="0.037" /><testcase classname="tests.test_validator" name="test_noncompliant_api_is_red" time="0.018" /><testcase classname="tests.test_validator" name="test_every_gate_id_is_unique" time="0.016" /><testcase classname="tests.test_validator" name="test_amber_api_requires_remediation" time="0.037" /></testsuite></testsuites>